<?xml version="1.0" encoding="UTF-8"?>
<!-- Generated by org.testng.reporters.JUnitReportReporter -->
<testsuite hostname="Steves-MBP.hsd1.mn.comcast.net" failures="0" tests="4" name="com.skillsoft.mocks.TemperatureAnalizerTest" time="0.372" errors="0" timestamp="21 Dec 2021 15:23:06 GMT">
  <testcase classname="com.skillsoft.mocks.TemperatureAnalizerTest" name="testNormal" time="0.001"/>
  <testcase classname="com.skillsoft.mocks.TemperatureAnalizerTest" name="testNormal" time="0.369"/>
  <testcase classname="com.skillsoft.mocks.TemperatureAnalizerTest" name="testNormal" time="0.001"/>
  <testcase classname="com.skillsoft.mocks.TemperatureAnalizerTest" name="testNormal" time="0.001"/>
</testsuite> <!-- com.skillsoft.mocks.TemperatureAnalizerTest -->
